<?xml version="1.0" encoding="UTF-8"?>
<!-- Generated by org.testng.reporters.JUnitReportReporter -->
<testsuite skipped="0" hostname="DESKTOP-S56HRQK" name="com.crm.qa.testcases.ContactPageTest" tests="3" failures="0" timestamp="14 Oct 2018 21:58:28 GMT" time="130.853" errors="0">
  <testcase name="verifyContactsPageDisplayedTest" time="43.034" classname="com.crm.qa.testcases.ContactPageTest"/>
  <testcase name="createNewContactTest" time="43.538" classname="com.crm.qa.testcases.ContactPageTest"/>
  <testcase name="createNewContactTest" time="44.281" classname="com.crm.qa.testcases.ContactPageTest"/>
</testsuite> <!-- com.crm.qa.testcases.ContactPageTest -->
