<?xml version="1.0" encoding="UTF-8"?>
<!-- Generated by org.testng.reporters.JUnitReportReporter -->
<testsuite skipped="0" hostname="DESKTOP-S56HRQK" name="com.crm.qa.testcases.LoginPageTest" tests="3" failures="0" timestamp="14 Oct 2018 21:58:28 GMT" time="80.852" errors="0">
  <testcase name="validateLoginPageTitleTest" time="23.334" classname="com.crm.qa.testcases.LoginPageTest"/>
  <testcase name="validateCRMloginPageLogoTest" time="19.440" classname="com.crm.qa.testcases.LoginPageTest"/>
  <testcase name="loginTest" time="38.078" classname="com.crm.qa.testcases.LoginPageTest"/>
</testsuite> <!-- com.crm.qa.testcases.LoginPageTest -->
