<?xml version="1.0" encoding="UTF-8"?>
<!-- Generated by org.testng.reporters.JUnitReportReporter -->
<testsuite skipped="0" hostname="DESKTOP-S56HRQK" name="com.crm.qa.testcases.HomePageTest" tests="3" failures="0" timestamp="20 Oct 2018 13:05:13 GMT" time="70.601" errors="0">
  <testcase name="verifyHomePageTitleTest" time="22.652" classname="com.crm.qa.testcases.HomePageTest"/>
  <testcase name="verifyUserNameLabelTest" time="25.971" classname="com.crm.qa.testcases.HomePageTest"/>
  <testcase name="verifyContactsPageTest" time="21.978" classname="com.crm.qa.testcases.HomePageTest"/>
</testsuite> <!-- com.crm.qa.testcases.HomePageTest -->
