<?xml version="1.0" encoding="UTF-8"?>
<!-- Generated by org.testng.reporters.JUnitReportReporter -->
<testsuite skipped="0" hostname="DESKTOP-S56HRQK" name="com.crm.qa.testcases.LoginPageTest" tests="3" failures="0" timestamp="20 Oct 2018 13:05:13 GMT" time="49.530" errors="0">
  <testcase name="validateLoginPageTitleTest" time="14.129" classname="com.crm.qa.testcases.LoginPageTest"/>
  <testcase name="validateCRMloginPageLogoTest" time="13.819" classname="com.crm.qa.testcases.LoginPageTest"/>
  <testcase name="loginTest" time="21.582" classname="com.crm.qa.testcases.LoginPageTest"/>
</testsuite> <!-- com.crm.qa.testcases.LoginPageTest -->
